<?xml version="1.0" encoding="UTF-8"?>
<coverage generated="1695439831855" clover="3.2.0">
  <project timestamp="1695439831855" name="All files">
    <metrics statements="39" coveredstatements="39" conditionals="10" coveredconditionals="8" methods="12" coveredmethods="12" elements="61" coveredelements="59" complexity="0" loc="39" ncloc="39" packages="1" files="1" classes="1"/>
    <file name="game.js" path="/home/gzd2032/gibgab/server/src/game.js">
      <metrics statements="39" coveredstatements="39" conditionals="10" coveredconditionals="8" methods="12" coveredmethods="12"/>
      <line num="2" count="6" type="stmt"/>
      <line num="3" count="6" type="stmt"/>
      <line num="4" count="6" type="stmt"/>
      <line num="5" count="6" type="stmt"/>
      <line num="6" count="6" type="stmt"/>
      <line num="7" count="6" type="stmt"/>
      <line num="8" count="6" type="stmt"/>
      <line num="10" count="2" type="cond" truecount="2" falsecount="0"/>
      <line num="11" count="2" type="stmt"/>
      <line num="14" count="2" type="stmt"/>
      <line num="15" count="2" type="cond" truecount="2" falsecount="0"/>
      <line num="16" count="1" type="stmt"/>
      <line num="18" count="1" type="stmt"/>
      <line num="20" count="2" type="cond" truecount="1" falsecount="1"/>
      <line num="21" count="2" type="stmt"/>
      <line num="22" count="2" type="stmt"/>
      <line num="26" count="1" type="stmt"/>
      <line num="29" count="2" type="stmt"/>
      <line num="30" count="3" type="stmt"/>
      <line num="34" count="4" type="stmt"/>
      <line num="35" count="4" type="stmt"/>
      <line num="36" count="4" type="stmt"/>
      <line num="37" count="4" type="stmt"/>
      <line num="38" count="4" type="stmt"/>
      <line num="41" count="10" type="stmt"/>
      <line num="44" count="2" type="stmt"/>
      <line num="45" count="4" type="stmt"/>
      <line num="46" count="2" type="cond" truecount="1" falsecount="1"/>
      <line num="47" count="2" type="stmt"/>
      <line num="48" count="2" type="stmt"/>
      <line num="49" count="2" type="stmt"/>
      <line num="50" count="2" type="stmt"/>
      <line num="53" count="6" type="stmt"/>
      <line num="56" count="2" type="cond" truecount="2" falsecount="0"/>
      <line num="57" count="1" type="stmt"/>
      <line num="58" count="1" type="stmt"/>
      <line num="59" count="1" type="stmt"/>
      <line num="61" count="6" type="stmt"/>
      <line num="73" count="1" type="stmt"/>
    </file>
  </project>
</coverage>
