{"/home/gzd2032/gibgab/server/src/game.js": {"path":"/home/gzd2032/gibgab/server/src/game.js","statementMap":{"0":{"start":{"line":2,"column":18},"end":{"line":2,"column":19}},"1":{"start":{"line":3,"column":16},"end":{"line":3,"column":17}},"2":{"start":{"line":4,"column":16},"end":{"line":4,"column":21}},"3":{"start":{"line":5,"column":18},"end":{"line":5,"column":22}},"4":{"start":{"line":6,"column":18},"end":{"line":6,"column":22}},"5":{"start":{"line":7,"column":13},"end":{"line":7,"column":14}},"6":{"start":{"line":8,"column":16},"end":{"line":8,"column":18}},"7":{"start":{"line":10,"column":4},"end":{"line":10,"column":51}},"8":{"start":{"line":10,"column":34},"end":{"line":10,"column":51}},"9":{"start":{"line":11,"column":4},"end":{"line":11,"column":30}},"10":{"start":{"line":14,"column":4},"end":{"line":14,"column":33}},"11":{"start":{"line":15,"column":4},"end":{"line":19,"column":5}},"12":{"start":{"line":16,"column":6},"end":{"line":16,"column":16}},"13":{"start":{"line":18,"column":6},"end":{"line":18,"column":16}},"14":{"start":{"line":20,"column":4},"end":{"line":23,"column":5}},"15":{"start":{"line":21,"column":6},"end":{"line":21,"column":21}},"16":{"start":{"line":22,"column":6},"end":{"line":22,"column":65}},"17":{"start":{"line":26,"column":4},"end":{"line":26,"column":17}},"18":{"start":{"line":29,"column":4},"end":{"line":31,"column":7}},"19":{"start":{"line":30,"column":6},"end":{"line":30,"column":31}},"20":{"start":{"line":34,"column":4},"end":{"line":34,"column":29}},"21":{"start":{"line":35,"column":4},"end":{"line":35,"column":21}},"22":{"start":{"line":36,"column":4},"end":{"line":36,"column":16}},"23":{"start":{"line":37,"column":4},"end":{"line":37,"column":20}},"24":{"start":{"line":38,"column":4},"end":{"line":38,"column":21}},"25":{"start":{"line":41,"column":4},"end":{"line":41,"column":25}},"26":{"start":{"line":44,"column":4},"end":{"line":44,"column":19}},"27":{"start":{"line":45,"column":4},"end":{"line":45,"column":66}},"28":{"start":{"line":45,"column":39},"end":{"line":45,"column":50}},"29":{"start":{"line":46,"column":4},"end":{"line":46,"column":36}},"30":{"start":{"line":47,"column":4},"end":{"line":47,"column":37}},"31":{"start":{"line":48,"column":4},"end":{"line":48,"column":55}},"32":{"start":{"line":49,"column":4},"end":{"line":49,"column":19}},"33":{"start":{"line":50,"column":4},"end":{"line":50,"column":46}},"34":{"start":{"line":53,"column":4},"end":{"line":53,"column":19}},"35":{"start":{"line":56,"column":4},"end":{"line":56,"column":25}},"36":{"start":{"line":56,"column":18},"end":{"line":56,"column":25}},"37":{"start":{"line":57,"column":4},"end":{"line":57,"column":27}},"38":{"start":{"line":58,"column":4},"end":{"line":58,"column":20}},"39":{"start":{"line":59,"column":4},"end":{"line":59,"column":54}},"40":{"start":{"line":61,"column":2},"end":{"line":70,"column":4}},"41":{"start":{"line":73,"column":0},"end":{"line":73,"column":28}}},"fnMap":{"0":{"name":"createGame","decl":{"start":{"line":1,"column":9},"end":{"line":1,"column":19}},"loc":{"start":{"line":1,"column":35},"end":{"line":71,"column":1}},"line":1},"1":{"name":"setBoardSize","decl":{"start":{"line":9,"column":11},"end":{"line":9,"column":23}},"loc":{"start":{"line":9,"column":30},"end":{"line":12,"column":3}},"line":9},"2":{"name":"countdown","decl":{"start":{"line":13,"column":11},"end":{"line":13,"column":20}},"loc":{"start":{"line":13,"column":23},"end":{"line":24,"column":3}},"line":13},"3":{"name":"resetPlayers","decl":{"start":{"line":25,"column":11},"end":{"line":25,"column":23}},"loc":{"start":{"line":25,"column":26},"end":{"line":27,"column":3}},"line":25},"4":{"name":"removePlayer","decl":{"start":{"line":28,"column":11},"end":{"line":28,"column":23}},"loc":{"start":{"line":28,"column":29},"end":{"line":32,"column":3}},"line":28},"5":{"name":"(anonymous_5)","decl":{"start":{"line":29,"column":29},"end":{"line":29,"column":30}},"loc":{"start":{"line":29,"column":41},"end":{"line":31,"column":5}},"line":29},"6":{"name":"resetCounter","decl":{"start":{"line":33,"column":11},"end":{"line":33,"column":23}},"loc":{"start":{"line":33,"column":26},"end":{"line":39,"column":3}},"line":33},"7":{"name":"joinPlayer","decl":{"start":{"line":40,"column":11},"end":{"line":40,"column":21}},"loc":{"start":{"line":40,"column":30},"end":{"line":42,"column":3}},"line":40},"8":{"name":"startGame","decl":{"start":{"line":43,"column":11},"end":{"line":43,"column":20}},"loc":{"start":{"line":43,"column":27},"end":{"line":51,"column":3}},"line":43},"9":{"name":"(anonymous_9)","decl":{"start":{"line":45,"column":27},"end":{"line":45,"column":28}},"loc":{"start":{"line":45,"column":39},"end":{"line":45,"column":50}},"line":45},"10":{"name":"getPlayers","decl":{"start":{"line":52,"column":11},"end":{"line":52,"column":21}},"loc":{"start":{"line":52,"column":24},"end":{"line":54,"column":3}},"line":52},"11":{"name":"changeDirection","decl":{"start":{"line":55,"column":11},"end":{"line":55,"column":26}},"loc":{"start":{"line":55,"column":29},"end":{"line":60,"column":3}},"line":55}},"branchMap":{"0":{"loc":{"start":{"line":10,"column":4},"end":{"line":10,"column":51}},"type":"if","locations":[{"start":{"line":10,"column":4},"end":{"line":10,"column":51}},{"start":{},"end":{}}],"line":10},"1":{"loc":{"start":{"line":15,"column":4},"end":{"line":19,"column":5}},"type":"if","locations":[{"start":{"line":15,"column":4},"end":{"line":19,"column":5}},{"start":{"line":17,"column":11},"end":{"line":19,"column":5}}],"line":15},"2":{"loc":{"start":{"line":20,"column":4},"end":{"line":23,"column":5}},"type":"if","locations":[{"start":{"line":20,"column":4},"end":{"line":23,"column":5}},{"start":{},"end":{}}],"line":20},"3":{"loc":{"start":{"line":46,"column":16},"end":{"line":46,"column":35}},"type":"cond-expr","locations":[{"start":{"line":46,"column":23},"end":{"line":46,"column":27}},{"start":{"line":46,"column":30},"end":{"line":46,"column":35}}],"line":46},"4":{"loc":{"start":{"line":56,"column":4},"end":{"line":56,"column":25}},"type":"if","locations":[{"start":{"line":56,"column":4},"end":{"line":56,"column":25}},{"start":{},"end":{}}],"line":56}},"s":{"0":6,"1":6,"2":6,"3":6,"4":6,"5":6,"6":6,"7":2,"8":1,"9":2,"10":2,"11":2,"12":1,"13":1,"14":2,"15":2,"16":2,"17":1,"18":2,"19":3,"20":4,"21":4,"22":4,"23":4,"24":4,"25":10,"26":2,"27":2,"28":4,"29":2,"30":2,"31":2,"32":2,"33":2,"34":6,"35":2,"36":1,"37":1,"38":1,"39":1,"40":6,"41":1},"f":{"0":6,"1":2,"2":2,"3":1,"4":2,"5":3,"6":4,"7":10,"8":2,"9":4,"10":6,"11":2},"b":{"0":[1,1],"1":[1,1],"2":[2,0],"3":[2,0],"4":[1,1]},"_coverageSchema":"1a1c01bbd47fc00a2c39e90264f33305004495a9","hash":"58e9357d90939e6912df0c9374a8572319b267ac"}
}
