TN:
SF:src/game.js
FN:1,createGame
FN:9,setBoardSize
FN:13,countdown
FN:25,resetPlayers
FN:28,removePlayer
FN:29,(anonymous_5)
FN:33,resetCounter
FN:40,joinPlayer
FN:43,startGame
FN:45,(anonymous_9)
FN:52,getPlayers
FN:55,changeDirection
FNF:12
FNH:12
FNDA:6,createGame
FNDA:2,setBoardSize
FNDA:2,countdown
FNDA:1,resetPlayers
FNDA:2,removePlayer
FNDA:3,(anonymous_5)
FNDA:4,resetCounter
FNDA:10,joinPlayer
FNDA:2,startGame
FNDA:4,(anonymous_9)
FNDA:6,getPlayers
FNDA:2,changeDirection
DA:2,6
DA:3,6
DA:4,6
DA:5,6
DA:6,6
DA:7,6
DA:8,6
DA:10,2
DA:11,2
DA:14,2
DA:15,2
DA:16,1
DA:18,1
DA:20,2
DA:21,2
DA:22,2
DA:26,1
DA:29,2
DA:30,3
DA:34,4
DA:35,4
DA:36,4
DA:37,4
DA:38,4
DA:41,10
DA:44,2
DA:45,4
DA:46,2
DA:47,2
DA:48,2
DA:49,2
DA:50,2
DA:53,6
DA:56,2
DA:57,1
DA:58,1
DA:59,1
DA:61,6
DA:73,1
LF:39
LH:39
BRDA:10,0,0,1
BRDA:10,0,1,1
BRDA:15,1,0,1
BRDA:15,1,1,1
BRDA:20,2,0,2
BRDA:20,2,1,0
BRDA:46,3,0,2
BRDA:46,3,1,0
BRDA:56,4,0,1
BRDA:56,4,1,1
BRF:10
BRH:8
end_of_record
